# JRE version: OpenJDK Runtime Environment (14.0.2+12) (build 14.0.2+12-46)
# Java VM: OpenJDK 64-Bit Server VM (14.0.2+12-46, mixed mode, tiered, compressed oops, g1 gc, windows-amd64)
Heap:
 garbage-first heap   total 61440K, used 31996K [0x0000000081c00000, 0x0000000100000000)
  region size 1024K, 8 young (8192K), 3 survivors (3072K)
 Metaspace       used 51500K, capacity 52885K, committed 53120K, reserved 1095680K
  class space    used 6727K, capacity 7245K, committed 7296K, reserved 1048576K
GC Heap History (20 events):
Event: 17.801 GC heap before
{Heap before GC invocations=21 (full 0):
 garbage-first heap   total 51200K, used 40704K [0x0000000081c00000, 0x0000000100000000)
  region size 1024K, 23 young (23552K), 1 survivors (1024K)
 Metaspace       used 37186K, capacity 38194K, committed 38400K, reserved 1083392K
  class space    used 4698K, capacity 5086K, committed 5120K, reserved 1048576K
}
Event: 17.805 GC heap after
{Heap after GC invocations=22 (full 0):
 garbage-first heap   total 51200K, used 19737K [0x0000000081c00000, 0x0000000100000000)
  region size 1024K, 1 young (1024K), 1 survivors (1024K)
 Metaspace       used 37186K, capacity 38194K, committed 38400K, reserved 1083392K
  class space    used 4698K, capacity 5086K, committed 5120K, reserved 1048576K
}
Event: 18.286 GC heap before
{Heap before GC invocations=22 (full 0):
 garbage-first heap   total 51200K, used 42265K [0x0000000081c00000, 0x0000000100000000)
  region size 1024K, 23 young (23552K), 1 survivors (1024K)
 Metaspace       used 38464K, capacity 39489K, committed 39680K, reserved 1083392K
  class space    used 4889K, capacity 5283K, committed 5376K, reserved 1048576K
}
Event: 18.291 GC heap after
{Heap after GC invocations=23 (full 0):
 garbage-first heap   total 51200K, used 20366K [0x0000000081c00000, 0x0000000100000000)
  region size 1024K, 2 young (2048K), 2 survivors (2048K)
 Metaspace       used 38464K, capacity 39489K, committed 39680K, reserved 1083392K
  class space    used 4889K, capacity 5283K, committed 5376K, reserved 1048576K
}
Event: 19.306 GC heap before
{Heap before GC invocations=23 (full 0):
 garbage-first heap   total 51200K, used 41870K [0x0000000081c00000, 0x0000000100000000)
  region size 1024K, 23 young (23552K), 2 survivors (2048K)
 Metaspace       used 40051K, capacity 41175K, committed 41472K, reserved 1085440K
  class space    used 5123K, capacity 5559K, committed 5632K, reserved 1048576K
}
Event: 19.316 GC heap after
{Heap after GC invocations=24 (full 0):
 garbage-first heap   total 51200K, used 22038K [0x0000000081c00000, 0x0000000100000000)
  region size 1024K, 3 young (3072K), 3 survivors (3072K)
 Metaspace       used 40051K, capacity 41175K, committed 41472K, reserved 1085440K
  class space    used 5123K, capacity 5559K, committed 5632K, reserved 1048576K
}
Event: 20.159 GC heap before
{Heap before GC invocations=24 (full 0):
 garbage-first heap   total 51200K, used 42518K [0x0000000081c00000, 0x0000000100000000)
  region size 1024K, 23 young (23552K), 3 survivors (3072K)
 Metaspace       used 42087K, capacity 43275K, committed 43520K, reserved 1087488K
  class space    used 5352K, capacity 5811K, committed 5888K, reserved 1048576K
}
Event: 20.171 GC heap after
{Heap after GC invocations=25 (full 0):
 garbage-first heap   total 61440K, used 23318K [0x0000000081c00000, 0x0000000100000000)
  region size 1024K, 2 young (2048K), 2 survivors (2048K)
 Metaspace       used 42087K, capacity 43275K, committed 43520K, reserved 1087488K
  class space    used 5352K, capacity 5811K, committed 5888K, reserved 1048576K
}
Event: 20.211 GC heap before
{Heap before GC invocations=25 (full 0):
 garbage-first heap   total 61440K, used 48918K [0x0000000081c00000, 0x0000000100000000)
  region size 1024K, 28 young (28672K), 2 survivors (2048K)
 Metaspace       used 42099K, capacity 43281K, committed 43520K, reserved 1087488K
  class space    used 5353K, capacity 5812K, committed 5888K, reserved 1048576K
}
Event: 20.214 GC heap after
{Heap after GC invocations=26 (full 0):
 garbage-first heap   total 61440K, used 23193K [0x0000000081c00000, 0x0000000100000000)
  region size 1024K, 2 young (2048K), 2 survivors (2048K)
 Metaspace       used 42099K, capacity 43281K, committed 43520K, reserved 1087488K
  class space    used 5353K, capacity 5812K, committed 5888K, reserved 1048576K
}
Event: 20.383 GC heap before
{Heap before GC invocations=26 (full 0):
 garbage-first heap   total 61440K, used 49817K [0x0000000081c00000, 0x0000000100000000)
  region size 1024K, 28 young (28672K), 2 survivors (2048K)
 Metaspace       used 42099K, capacity 43281K, committed 43520K, reserved 1087488K
  class space    used 5353K, capacity 5812K, committed 5888K, reserved 1048576K
}
Event: 20.387 GC heap after
{Heap after GC invocations=27 (full 0):
 garbage-first heap   total 61440K, used 23055K [0x0000000081c00000, 0x0000000100000000)
  region size 1024K, 1 young (1024K), 1 survivors (1024K)
 Metaspace       used 42099K, capacity 43281K, committed 43520K, reserved 1087488K
  class space    used 5353K, capacity 5812K, committed 5888K, reserved 1048576K
}
Event: 21.107 GC heap before
{Heap before GC invocations=27 (full 0):
 garbage-first heap   total 61440K, used 50703K [0x0000000081c00000, 0x0000000100000000)
  region size 1024K, 29 young (29696K), 1 survivors (1024K)
 Metaspace       used 43466K, capacity 44709K, committed 44800K, reserved 1087488K
  class space    used 5568K, capacity 6060K, committed 6144K, reserved 1048576K
}
Event: 21.113 GC heap after
{Heap after GC invocations=28 (full 0):
 garbage-first heap   total 61440K, used 23754K [0x0000000081c00000, 0x0000000100000000)
  region size 1024K, 2 young (2048K), 2 survivors (2048K)
 Metaspace       used 43466K, capacity 44709K, committed 44800K, reserved 1087488K
  class space    used 5568K, capacity 6060K, committed 6144K, reserved 1048576K
}
Event: 22.920 GC heap before
{Heap before GC invocations=28 (full 0):
 garbage-first heap   total 61440K, used 50378K [0x0000000081c00000, 0x0000000100000000)
  region size 1024K, 29 young (29696K), 2 survivors (2048K)
 Metaspace       used 46375K, capacity 47668K, committed 47872K, reserved 1091584K
  class space    used 5893K, capacity 6385K, committed 6400K, reserved 1048576K
}
Event: 22.924 GC heap after
{Heap after GC invocations=29 (full 0):
 garbage-first heap   total 61440K, used 24969K [0x0000000081c00000, 0x0000000100000000)
  region size 1024K, 3 young (3072K), 3 survivors (3072K)
 Metaspace       used 46375K, capacity 47668K, committed 47872K, reserved 1091584K
  class space    used 5893K, capacity 6385K, committed 6400K, reserved 1048576K
}
Event: 23.849 GC heap before
{Heap before GC invocations=29 (full 0):
 garbage-first heap   total 61440K, used 51593K [0x0000000081c00000, 0x0000000100000000)
  region size 1024K, 29 young (29696K), 3 survivors (3072K)
 Metaspace       used 48562K, capacity 49992K, committed 50176K, reserved 1093632K
  class space    used 6257K, capacity 6796K, committed 6912K, reserved 1048576K
}
Event: 23.854 GC heap after
{Heap after GC invocations=30 (full 0):
 garbage-first heap   total 61440K, used 26481K [0x0000000081c00000, 0x0000000100000000)
  region size 1024K, 4 young (4096K), 4 survivors (4096K)
 Metaspace       used 48562K, capacity 49992K, committed 50176K, reserved 1093632K
  class space    used 6257K, capacity 6796K, committed 6912K, reserved 1048576K
}
Event: 24.933 GC heap before
{Heap before GC invocations=30 (full 0):
 garbage-first heap   total 61440K, used 50033K [0x0000000081c00000, 0x0000000100000000)
  region size 1024K, 27 young (27648K), 4 survivors (4096K)
 Metaspace       used 51074K, capacity 52466K, committed 52608K, reserved 1095680K
  class space    used 6685K, capacity 7212K, committed 7296K, reserved 1048576K
}
Event: 24.939 GC heap after
{Heap after GC invocations=31 (full 0):
 garbage-first heap   total 61440K, used 27900K [0x0000000081c00000, 0x0000000100000000)
  region size 1024K, 3 young (3072K), 3 survivors (3072K)
 Metaspace       used 51074K, capacity 52466K, committed 52608K, reserved 1095680K
  class space    used 6685K, capacity 7212K, committed 7296K, reserved 1048576K
}

