# JRE version: OpenJDK Runtime Environment (14.0.2+12) (build 14.0.2+12-46)
# Java VM: OpenJDK 64-Bit Server VM (14.0.2+12-46, mixed mode, tiered, compressed oops, g1 gc, windows-amd64)
Heap:
 garbage-first heap   total 83968K, used 29271K [0x0000000081c00000, 0x0000000100000000)
  region size 1024K, 2 young (2048K), 2 survivors (2048K)
 Metaspace       used 46242K, capacity 47571K, committed 47736K, reserved 1107968K
  class space    used 5883K, capacity 6395K, committed 6520K, reserved 1048576K
GC Heap History (20 events):
Event: 21.421 GC heap before
{Heap before GC invocations=22 (full 0):
 garbage-first heap   total 58368K, used 45747K [0x0000000081c00000, 0x0000000100000000)
  region size 1024K, 24 young (24576K), 3 survivors (3072K)
 Metaspace       used 42230K, capacity 43452K, committed 43512K, reserved 1087488K
  class space    used 5364K, capacity 5827K, committed 5880K, reserved 1048576K
}
Event: 21.425 GC heap after
{Heap after GC invocations=23 (full 0):
 garbage-first heap   total 58368K, used 25492K [0x0000000081c00000, 0x0000000100000000)
  region size 1024K, 2 young (2048K), 2 survivors (2048K)
 Metaspace       used 42230K, capacity 43452K, committed 43512K, reserved 1087488K
  class space    used 5364K, capacity 5827K, committed 5880K, reserved 1048576K
}
Event: 21.442 GC heap before
{Heap before GC invocations=23 (full 0):
 garbage-first heap   total 58368K, used 45972K [0x0000000081c00000, 0x0000000100000000)
  region size 1024K, 23 young (23552K), 2 survivors (2048K)
 Metaspace       used 42230K, capacity 43452K, committed 43512K, reserved 1087488K
  class space    used 5364K, capacity 5827K, committed 5880K, reserved 1048576K
}
Event: 21.444 GC heap after
{Heap after GC invocations=24 (full 0):
 garbage-first heap   total 58368K, used 25360K [0x0000000081c00000, 0x0000000100000000)
  region size 1024K, 2 young (2048K), 2 survivors (2048K)
 Metaspace       used 42230K, capacity 43452K, committed 43512K, reserved 1087488K
  class space    used 5364K, capacity 5827K, committed 5880K, reserved 1048576K
}
Event: 22.684 GC heap before
{Heap before GC invocations=24 (full 0):
 garbage-first heap   total 58368K, used 45840K [0x0000000081c00000, 0x0000000100000000)
  region size 1024K, 23 young (23552K), 2 survivors (2048K)
 Metaspace       used 43630K, capacity 44863K, committed 44920K, reserved 1087488K
  class space    used 5508K, capacity 5956K, committed 6008K, reserved 1048576K
}
Event: 22.689 GC heap after
{Heap after GC invocations=25 (full 0):
 garbage-first heap   total 58368K, used 29851K [0x0000000081c00000, 0x0000000100000000)
  region size 1024K, 3 young (3072K), 3 survivors (3072K)
 Metaspace       used 43630K, capacity 44863K, committed 44920K, reserved 1087488K
  class space    used 5508K, capacity 5956K, committed 6008K, reserved 1048576K
}
Event: 22.815 GC heap before
{Heap before GC invocations=25 (full 0):
 garbage-first heap   total 58368K, used 44187K [0x0000000081c00000, 0x0000000100000000)
  region size 1024K, 18 young (18432K), 3 survivors (3072K)
 Metaspace       used 43636K, capacity 44869K, committed 44920K, reserved 1087488K
  class space    used 5509K, capacity 5957K, committed 6008K, reserved 1048576K
}
Event: 22.819 GC heap after
{Heap after GC invocations=26 (full 0):
 garbage-first heap   total 58368K, used 30185K [0x0000000081c00000, 0x0000000100000000)
  region size 1024K, 1 young (1024K), 1 survivors (1024K)
 Metaspace       used 43636K, capacity 44869K, committed 44920K, reserved 1087488K
  class space    used 5509K, capacity 5957K, committed 6008K, reserved 1048576K
}
Event: 22.957 GC heap before
{Heap before GC invocations=27 (full 0):
 garbage-first heap   total 60416K, used 44521K [0x0000000081c00000, 0x0000000100000000)
  region size 1024K, 16 young (16384K), 1 survivors (1024K)
 Metaspace       used 44128K, capacity 45397K, committed 45560K, reserved 1089536K
  class space    used 5563K, capacity 6026K, committed 6136K, reserved 1048576K
}
Event: 22.958 GC heap after
{Heap after GC invocations=28 (full 0):
 garbage-first heap   total 60416K, used 30341K [0x0000000081c00000, 0x0000000100000000)
  region size 1024K, 1 young (1024K), 1 survivors (1024K)
 Metaspace       used 44128K, capacity 45397K, committed 45560K, reserved 1089536K
  class space    used 5563K, capacity 6026K, committed 6136K, reserved 1048576K
}
Event: 22.959 GC heap before
{Heap before GC invocations=28 (full 0):
 garbage-first heap   total 60416K, used 30341K [0x0000000081c00000, 0x0000000100000000)
  region size 1024K, 2 young (2048K), 1 survivors (1024K)
 Metaspace       used 44128K, capacity 45397K, committed 45560K, reserved 1089536K
  class space    used 5563K, capacity 6026K, committed 6136K, reserved 1048576K
}
Event: 22.965 GC heap after
{Heap after GC invocations=29 (full 0):
 garbage-first heap   total 60416K, used 27721K [0x0000000081c00000, 0x0000000100000000)
  region size 1024K, 1 young (1024K), 1 survivors (1024K)
 Metaspace       used 44128K, capacity 45397K, committed 45560K, reserved 1089536K
  class space    used 5563K, capacity 6026K, committed 6136K, reserved 1048576K
}
Event: 22.968 GC heap before
{Heap before GC invocations=29 (full 0):
 garbage-first heap   total 60416K, used 47177K [0x0000000081c00000, 0x0000000100000000)
  region size 1024K, 21 young (21504K), 1 survivors (1024K)
 Metaspace       used 44128K, capacity 45397K, committed 45560K, reserved 1089536K
  class space    used 5563K, capacity 6026K, committed 6136K, reserved 1048576K
}
Event: 22.970 GC heap after
{Heap after GC invocations=30 (full 0):
 garbage-first heap   total 60416K, used 27672K [0x0000000081c00000, 0x0000000100000000)
  region size 1024K, 1 young (1024K), 1 survivors (1024K)
 Metaspace       used 44128K, capacity 45397K, committed 45560K, reserved 1089536K
  class space    used 5563K, capacity 6026K, committed 6136K, reserved 1048576K
}
Event: 23.076 GC heap before
{Heap before GC invocations=30 (full 0):
 garbage-first heap   total 83968K, used 49176K [0x0000000081c00000, 0x0000000100000000)
  region size 1024K, 22 young (22528K), 1 survivors (1024K)
 Metaspace       used 44128K, capacity 45397K, committed 45560K, reserved 1089536K
  class space    used 5563K, capacity 6026K, committed 6136K, reserved 1048576K
}
Event: 23.078 GC heap after
{Heap after GC invocations=31 (full 0):
 garbage-first heap   total 83968K, used 27556K [0x0000000081c00000, 0x0000000100000000)
  region size 1024K, 1 young (1024K), 1 survivors (1024K)
 Metaspace       used 44128K, capacity 45397K, committed 45560K, reserved 1089536K
  class space    used 5563K, capacity 6026K, committed 6136K, reserved 1048576K
}
Event: 23.998 GC heap before
{Heap before GC invocations=32 (full 0):
 garbage-first heap   total 83968K, used 67492K [0x0000000081c00000, 0x0000000100000000)
  region size 1024K, 40 young (40960K), 1 survivors (1024K)
 Metaspace       used 45470K, capacity 46785K, committed 47096K, reserved 1089536K
  class space    used 5784K, capacity 6282K, committed 6392K, reserved 1048576K
}
Event: 24.001 GC heap after
{Heap after GC invocations=33 (full 0):
 garbage-first heap   total 83968K, used 28861K [0x0000000081c00000, 0x0000000100000000)
  region size 1024K, 2 young (2048K), 2 survivors (2048K)
 Metaspace       used 45470K, capacity 46785K, committed 47096K, reserved 1089536K
  class space    used 5784K, capacity 6282K, committed 6392K, reserved 1048576K
}
Event: 24.441 GC heap before
{Heap before GC invocations=33 (full 0):
 garbage-first heap   total 83968K, used 41149K [0x0000000081c00000, 0x0000000100000000)
  region size 1024K, 15 young (15360K), 2 survivors (2048K)
 Metaspace       used 46242K, capacity 47571K, committed 47736K, reserved 1105920K
  class space    used 5883K, capacity 6395K, committed 6520K, reserved 1048576K
}
Event: 24.445 GC heap after
{Heap after GC invocations=34 (full 0):
 garbage-first heap   total 83968K, used 29271K [0x0000000081c00000, 0x0000000100000000)
  region size 1024K, 2 young (2048K), 2 survivors (2048K)
 Metaspace       used 46242K, capacity 47571K, committed 47736K, reserved 1105920K
  class space    used 5883K, capacity 6395K, committed 6520K, reserved 1048576K
}

